\BOOKMARK [1][-]{section.1}{Introduction}{}% 1
\BOOKMARK [1][-]{section.2}{Game}{}% 2
\BOOKMARK [1][-]{section.3}{Scene}{}% 3
\BOOKMARK [2][-]{subsection.3.1}{Lights and Textures}{section.3}% 4
\BOOKMARK [1][-]{section.4}{3D Models}{}% 5
\BOOKMARK [2][-]{subsection.4.1}{Linear Models}{section.4}% 6
\BOOKMARK [2][-]{subsection.4.2}{Hierarchical Models}{section.4}% 7
\BOOKMARK [3][-]{subsubsection.4.2.1}{3D Duck Model}{subsection.4.2}% 8
\BOOKMARK [3][-]{subsubsection.4.2.2}{3D Dog Model}{subsection.4.2}% 9
\BOOKMARK [1][-]{section.5}{Animations}{}% 10
\BOOKMARK [2][-]{subsection.5.1}{Ducks animation}{section.5}% 11
\BOOKMARK [2][-]{subsection.5.2}{Dog animation}{section.5}% 12
\BOOKMARK [2][-]{subsection.5.3}{Clouds animation}{section.5}% 13
\BOOKMARK [1][-]{section.6}{User Interaction}{}% 14
\BOOKMARK [2][-]{subsection.6.1}{Rifle}{section.6}% 15
\BOOKMARK [2][-]{subsection.6.2}{Levels}{section.6}% 16
\BOOKMARK [2][-]{subsection.6.3}{Start \046 Game Over menus}{section.6}% 17
\BOOKMARK [2][-]{subsection.6.4}{Pause}{section.6}% 18
\BOOKMARK [2][-]{subsection.6.5}{Sounds}{section.6}% 19
\BOOKMARK [1][-]{section.7}{Conclusion}{}% 20
